==12247== Memcheck, a memory error detector
==12247== Copyright (C) 2002-2017, and GNU GPL'd, by Julian Seward et al.
==12247== Using Valgrind-3.15.0 and LibVEX; rerun with -h for copyright info
==12247== Command: ./minishell
==12247== 
Check your 1st token
==12247== 
==12247== HEAP SUMMARY:
==12247==     in use at exit: 204,650 bytes in 219 blocks
==12247==   total heap usage: 871 allocs, 652 frees, 254,657 bytes allocated
==12247== 
==12247== LEAK SUMMARY:
==12247==    definitely lost: 0 bytes in 0 blocks
==12247==    indirectly lost: 0 bytes in 0 blocks
==12247==      possibly lost: 0 bytes in 0 blocks
==12247==    still reachable: 0 bytes in 0 blocks
==12247==         suppressed: 204,650 bytes in 219 blocks
==12247== 
==12247== For lists of detected and suppressed errors, rerun with: -s
==12247== ERROR SUMMARY: 0 errors from 0 contexts (suppressed: 1 from 1)
